[INFO ] 2022-06-16T09:31:41,474 [main] Starter - Starting Starter on LAPTOP-H6FFKGF2 with PID 30232 (C:\Users\AliKurekci\cordaApps\hackathon\transafe-be\clients\build\classes\java\main started by AliKurekci in C:\Users\AliKurekci\cordaApps\hackathon\transafe-be\clients)
[INFO ] 2022-06-16T09:31:41,499 [main] Starter - No active profile set, falling back to default profiles: default
[INFO ] 2022-06-16T09:31:41,692 [main] AnnotationConfigServletWebServerApplicationContext - Refreshing org.springframework.boot.web.servlet.context.AnnotationConfigServletWebServerApplicationContext@2e6ba49a: startup date [Thu Jun 16 12:31:41 EET 2022]; root of context hierarchy
[INFO ] 2022-06-16T09:31:46,442 [main] TomcatWebServer - Tomcat initialized with port(s): 8080 (http)
[INFO ] 2022-06-16T09:31:46,475 [main] Http11NioProtocol - Initializing ProtocolHandler ["http-nio-8080"]
[INFO ] 2022-06-16T09:31:46,502 [main] StandardService - Starting service [Tomcat]
[INFO ] 2022-06-16T09:31:46,503 [main] StandardEngine - Starting Servlet Engine: Apache Tomcat/8.5.31
[INFO ] 2022-06-16T09:31:46,528 [localhost-startStop-1] AprLifecycleListener - The APR based Apache Tomcat Native library which allows optimal performance in production environments was not found on the java.library.path: [C:\Program Files\Java\jdk1.8.0_333\bin;C:\Windows\Sun\Java\bin;C:\Windows\system32;C:\Windows;C:\Python310\Scripts\;C:\Python310\;C:\Program Files\Common Files\Oracle\Java\javapath;C:\Program Files (x86)\Common Files\Oracle\Java\javapath;C:\Windows\system32;C:\Windows;C:\Windows\System32\Wbem;C:\Windows\System32\WindowsPowerShell\v1.0\;C:\Windows\System32\OpenSSH\;C:\Program Files (x86)\Pulse Secure\VC142.CRT\X64\;C:\Program Files (x86)\Pulse Secure\VC142.CRT\X86\;C:\Program Files\Git\cmd;C:\Program Files\nodejs\;C:\ProgramData\chocolatey\bin;C:\Program Files\Java\jdk1.8.0_333\bin;C:\Users\AliKurekci\AppData\Local\Microsoft\WindowsApps;C:\Users\AliKurekci\AppData\Local\Programs\Microsoft VS Code\bin;C:\Program Files\JetBrains\PyCharm 2021.3.2\bin;;C:\Users\AliKurekci\AppData\Roaming\npm;C:\Program Files\Java\jdk1.8.0_333\bin;;.]
[INFO ] 2022-06-16T09:31:46,915 [localhost-startStop-1] [/] - Initializing Spring embedded WebApplicationContext
[INFO ] 2022-06-16T09:31:46,916 [localhost-startStop-1] ContextLoader - Root WebApplicationContext: initialization completed in 5234 ms
[INFO ] 2022-06-16T09:31:47,258 [localhost-startStop-1] ServletRegistrationBean - Servlet dispatcherServlet mapped to [/]
[INFO ] 2022-06-16T09:31:47,264 [localhost-startStop-1] FilterRegistrationBean - Mapping filter: 'characterEncodingFilter' to: [/*]
[INFO ] 2022-06-16T09:31:47,264 [localhost-startStop-1] FilterRegistrationBean - Mapping filter: 'hiddenHttpMethodFilter' to: [/*]
[INFO ] 2022-06-16T09:31:47,264 [localhost-startStop-1] FilterRegistrationBean - Mapping filter: 'httpPutFormContentFilter' to: [/*]
[INFO ] 2022-06-16T09:31:47,264 [localhost-startStop-1] FilterRegistrationBean - Mapping filter: 'requestContextFilter' to: [/*]
[INFO ] 2022-06-16T09:31:56,126 [main] RPCClient - Startup took 2460 msec
[INFO ] 2022-06-16T09:31:57,368 [main] SimpleUrlHandlerMapping - Mapped URL path [/**/favicon.ico] onto handler of type [class org.springframework.web.servlet.resource.ResourceHttpRequestHandler]
[INFO ] 2022-06-16T09:31:57,603 [main] RequestMappingHandlerAdapter - Looking for @ControllerAdvice: org.springframework.boot.web.servlet.context.AnnotationConfigServletWebServerApplicationContext@2e6ba49a: startup date [Thu Jun 16 12:31:41 EET 2022]; root of context hierarchy
[INFO ] 2022-06-16T09:31:57,766 [main] RequestMappingHandlerMapping - Mapped "{[/getTransfers],methods=[GET],produces=[application/json]}" onto public java.util.List<net.corda.core.contracts.StateAndRef<net.corda.transafe.states.TransferState>> net.corda.transafe.webserver.Controller.getIOUs()
[INFO ] 2022-06-16T09:31:57,770 [main] RequestMappingHandlerMapping - Mapped "{[/handShake],methods=[POST],produces=[application/json]}" onto private org.springframework.http.ResponseEntity<net.corda.transafe.response.HandShakeResponse> net.corda.transafe.webserver.Controller.handShake(net.corda.transafe.request.HandShakeRequest)
[INFO ] 2022-06-16T09:31:57,770 [main] RequestMappingHandlerMapping - Mapped "{[/getMyTransfers/{accountName}],methods=[GET],produces=[application/json]}" onto public org.springframework.http.ResponseEntity<net.corda.transafe.response.GetMyTransfersResponse> net.corda.transafe.webserver.Controller.getMyTransfer(java.lang.String)
[INFO ] 2022-06-16T09:31:57,774 [main] RequestMappingHandlerMapping - Mapped "{[/sendFile],methods=[POST],produces=[application/json]}" onto private org.springframework.http.ResponseEntity<net.corda.transafe.response.DocumentTransferResponse> net.corda.transafe.webserver.Controller.sendFile(net.corda.transafe.request.DocumentTransferRequest)
[INFO ] 2022-06-16T09:31:57,774 [main] RequestMappingHandlerMapping - Mapped "{[/receiveFile],methods=[POST],produces=[application/json]}" onto public org.springframework.http.ResponseEntity<net.corda.transafe.response.ReceiveFileResponse> net.corda.transafe.webserver.Controller.receiveFile(net.corda.transafe.request.ReceiveFileRequest)
[INFO ] 2022-06-16T09:31:57,774 [main] RequestMappingHandlerMapping - Mapped "{[/me],methods=[GET],produces=[application/json]}" onto private java.util.HashMap<java.lang.String, java.lang.String> net.corda.transafe.webserver.Controller.whoami()
[INFO ] 2022-06-16T09:31:57,774 [main] RequestMappingHandlerMapping - Mapped "{[/createAccount/{acctName}],methods=[POST]}" onto private org.springframework.http.ResponseEntity<java.lang.String> net.corda.transafe.webserver.Controller.createAccount(java.lang.String)
[INFO ] 2022-06-16T09:31:57,785 [main] RequestMappingHandlerMapping - Mapped "{[/error],produces=[text/html]}" onto public org.springframework.web.servlet.ModelAndView org.springframework.boot.autoconfigure.web.servlet.error.BasicErrorController.errorHtml(javax.servlet.http.HttpServletRequest,javax.servlet.http.HttpServletResponse)
[INFO ] 2022-06-16T09:31:57,786 [main] RequestMappingHandlerMapping - Mapped "{[/error]}" onto public org.springframework.http.ResponseEntity<java.util.Map<java.lang.String, java.lang.Object>> org.springframework.boot.autoconfigure.web.servlet.error.BasicErrorController.error(javax.servlet.http.HttpServletRequest)
[INFO ] 2022-06-16T09:31:57,854 [main] SimpleUrlHandlerMapping - Mapped URL path [/webjars/**] onto handler of type [class org.springframework.web.servlet.resource.ResourceHttpRequestHandler]
[INFO ] 2022-06-16T09:31:57,854 [main] SimpleUrlHandlerMapping - Mapped URL path [/**] onto handler of type [class org.springframework.web.servlet.resource.ResourceHttpRequestHandler]
[INFO ] 2022-06-16T09:31:57,995 [main] WelcomePageHandlerMapping - Adding welcome page: class path resource [static/index.html]
[INFO ] 2022-06-16T09:31:58,384 [main] AnnotationMBeanExporter - Registering beans for JMX exposure on startup
[INFO ] 2022-06-16T09:31:58,416 [main] Http11NioProtocol - Starting ProtocolHandler ["http-nio-8080"]
[INFO ] 2022-06-16T09:31:58,424 [main] NioSelectorPool - Using a shared selector for servlet write/read
[INFO ] 2022-06-16T09:31:58,476 [main] TomcatWebServer - Tomcat started on port(s): 8080 (http) with context path ''
[INFO ] 2022-06-16T09:31:58,484 [main] Starter - Started Starter in 20.08 seconds (JVM running for 22.973)
[INFO ] 2022-06-16T09:32:28,698 [main] Starter - Starting Starter on LAPTOP-H6FFKGF2 with PID 20508 (C:\Users\AliKurekci\cordaApps\hackathon\transafe-be\clients\build\classes\java\main started by AliKurekci in C:\Users\AliKurekci\cordaApps\hackathon\transafe-be\clients)
[INFO ] 2022-06-16T09:32:28,709 [main] Starter - No active profile set, falling back to default profiles: default
[INFO ] 2022-06-16T09:32:28,899 [main] AnnotationConfigServletWebServerApplicationContext - Refreshing org.springframework.boot.web.servlet.context.AnnotationConfigServletWebServerApplicationContext@79c3f01f: startup date [Thu Jun 16 12:32:28 EET 2022]; root of context hierarchy
[INFO ] 2022-06-16T09:32:33,235 [main] TomcatWebServer - Tomcat initialized with port(s): 8090 (http)
[INFO ] 2022-06-16T09:32:33,275 [main] Http11NioProtocol - Initializing ProtocolHandler ["http-nio-8090"]
[INFO ] 2022-06-16T09:32:33,295 [main] StandardService - Starting service [Tomcat]
[INFO ] 2022-06-16T09:32:33,297 [main] StandardEngine - Starting Servlet Engine: Apache Tomcat/8.5.31
[INFO ] 2022-06-16T09:32:33,324 [localhost-startStop-1] AprLifecycleListener - The APR based Apache Tomcat Native library which allows optimal performance in production environments was not found on the java.library.path: [C:\Program Files\Java\jdk1.8.0_333\bin;C:\Windows\Sun\Java\bin;C:\Windows\system32;C:\Windows;C:\Python310\Scripts\;C:\Python310\;C:\Program Files\Common Files\Oracle\Java\javapath;C:\Program Files (x86)\Common Files\Oracle\Java\javapath;C:\Windows\system32;C:\Windows;C:\Windows\System32\Wbem;C:\Windows\System32\WindowsPowerShell\v1.0\;C:\Windows\System32\OpenSSH\;C:\Program Files (x86)\Pulse Secure\VC142.CRT\X64\;C:\Program Files (x86)\Pulse Secure\VC142.CRT\X86\;C:\Program Files\Git\cmd;C:\Program Files\nodejs\;C:\ProgramData\chocolatey\bin;C:\Program Files\Java\jdk1.8.0_333\bin;C:\Users\AliKurekci\AppData\Local\Microsoft\WindowsApps;C:\Users\AliKurekci\AppData\Local\Programs\Microsoft VS Code\bin;C:\Program Files\JetBrains\PyCharm 2021.3.2\bin;;C:\Users\AliKurekci\AppData\Roaming\npm;C:\Program Files\Java\jdk1.8.0_333\bin;;.]
[INFO ] 2022-06-16T09:32:33,684 [localhost-startStop-1] [/] - Initializing Spring embedded WebApplicationContext
[INFO ] 2022-06-16T09:32:33,684 [localhost-startStop-1] ContextLoader - Root WebApplicationContext: initialization completed in 4798 ms
[INFO ] 2022-06-16T09:32:33,953 [localhost-startStop-1] ServletRegistrationBean - Servlet dispatcherServlet mapped to [/]
[INFO ] 2022-06-16T09:32:33,964 [localhost-startStop-1] FilterRegistrationBean - Mapping filter: 'characterEncodingFilter' to: [/*]
[INFO ] 2022-06-16T09:32:33,964 [localhost-startStop-1] FilterRegistrationBean - Mapping filter: 'hiddenHttpMethodFilter' to: [/*]
[INFO ] 2022-06-16T09:32:33,964 [localhost-startStop-1] FilterRegistrationBean - Mapping filter: 'httpPutFormContentFilter' to: [/*]
[INFO ] 2022-06-16T09:32:33,964 [localhost-startStop-1] FilterRegistrationBean - Mapping filter: 'requestContextFilter' to: [/*]
[INFO ] 2022-06-16T09:32:43,755 [main] RPCClient - Startup took 2475 msec
[INFO ] 2022-06-16T09:32:44,825 [main] SimpleUrlHandlerMapping - Mapped URL path [/**/favicon.ico] onto handler of type [class org.springframework.web.servlet.resource.ResourceHttpRequestHandler]
[INFO ] 2022-06-16T09:32:45,089 [main] RequestMappingHandlerAdapter - Looking for @ControllerAdvice: org.springframework.boot.web.servlet.context.AnnotationConfigServletWebServerApplicationContext@79c3f01f: startup date [Thu Jun 16 12:32:28 EET 2022]; root of context hierarchy
[INFO ] 2022-06-16T09:32:45,244 [main] RequestMappingHandlerMapping - Mapped "{[/me],methods=[GET],produces=[application/json]}" onto private java.util.HashMap<java.lang.String, java.lang.String> net.corda.transafe.webserver.Controller.whoami()
[INFO ] 2022-06-16T09:32:45,252 [main] RequestMappingHandlerMapping - Mapped "{[/createAccount/{acctName}],methods=[POST]}" onto private org.springframework.http.ResponseEntity<java.lang.String> net.corda.transafe.webserver.Controller.createAccount(java.lang.String)
[INFO ] 2022-06-16T09:32:45,255 [main] RequestMappingHandlerMapping - Mapped "{[/handShake],methods=[POST],produces=[application/json]}" onto private org.springframework.http.ResponseEntity<net.corda.transafe.response.HandShakeResponse> net.corda.transafe.webserver.Controller.handShake(net.corda.transafe.request.HandShakeRequest)
[INFO ] 2022-06-16T09:32:45,256 [main] RequestMappingHandlerMapping - Mapped "{[/getTransfers],methods=[GET],produces=[application/json]}" onto public java.util.List<net.corda.core.contracts.StateAndRef<net.corda.transafe.states.TransferState>> net.corda.transafe.webserver.Controller.getIOUs()
[INFO ] 2022-06-16T09:32:45,257 [main] RequestMappingHandlerMapping - Mapped "{[/getMyTransfers/{accountName}],methods=[GET],produces=[application/json]}" onto public org.springframework.http.ResponseEntity<net.corda.transafe.response.GetMyTransfersResponse> net.corda.transafe.webserver.Controller.getMyTransfer(java.lang.String)
[INFO ] 2022-06-16T09:32:45,257 [main] RequestMappingHandlerMapping - Mapped "{[/receiveFile],methods=[POST],produces=[application/json]}" onto public org.springframework.http.ResponseEntity<net.corda.transafe.response.ReceiveFileResponse> net.corda.transafe.webserver.Controller.receiveFile(net.corda.transafe.request.ReceiveFileRequest)
[INFO ] 2022-06-16T09:32:45,257 [main] RequestMappingHandlerMapping - Mapped "{[/sendFile],methods=[POST],produces=[application/json]}" onto private org.springframework.http.ResponseEntity<net.corda.transafe.response.DocumentTransferResponse> net.corda.transafe.webserver.Controller.sendFile(net.corda.transafe.request.DocumentTransferRequest)
[INFO ] 2022-06-16T09:32:45,265 [main] RequestMappingHandlerMapping - Mapped "{[/error],produces=[text/html]}" onto public org.springframework.web.servlet.ModelAndView org.springframework.boot.autoconfigure.web.servlet.error.BasicErrorController.errorHtml(javax.servlet.http.HttpServletRequest,javax.servlet.http.HttpServletResponse)
[INFO ] 2022-06-16T09:32:45,265 [main] RequestMappingHandlerMapping - Mapped "{[/error]}" onto public org.springframework.http.ResponseEntity<java.util.Map<java.lang.String, java.lang.Object>> org.springframework.boot.autoconfigure.web.servlet.error.BasicErrorController.error(javax.servlet.http.HttpServletRequest)
[INFO ] 2022-06-16T09:32:45,334 [main] SimpleUrlHandlerMapping - Mapped URL path [/webjars/**] onto handler of type [class org.springframework.web.servlet.resource.ResourceHttpRequestHandler]
[INFO ] 2022-06-16T09:32:45,334 [main] SimpleUrlHandlerMapping - Mapped URL path [/**] onto handler of type [class org.springframework.web.servlet.resource.ResourceHttpRequestHandler]
[INFO ] 2022-06-16T09:32:45,491 [main] WelcomePageHandlerMapping - Adding welcome page: class path resource [static/index.html]
[INFO ] 2022-06-16T09:32:45,927 [main] AnnotationMBeanExporter - Registering beans for JMX exposure on startup
[INFO ] 2022-06-16T09:32:45,967 [main] Http11NioProtocol - Starting ProtocolHandler ["http-nio-8090"]
[INFO ] 2022-06-16T09:32:45,969 [main] NioSelectorPool - Using a shared selector for servlet write/read
[INFO ] 2022-06-16T09:32:46,016 [main] TomcatWebServer - Tomcat started on port(s): 8090 (http) with context path ''
[INFO ] 2022-06-16T09:32:46,025 [main] Starter - Started Starter in 19.92 seconds (JVM running for 22.389)
[INFO ] 2022-06-16T09:33:15,444 [http-nio-8080-exec-2] [/] - Initializing Spring FrameworkServlet 'dispatcherServlet'
[INFO ] 2022-06-16T09:33:15,444 [http-nio-8080-exec-2] DispatcherServlet - FrameworkServlet 'dispatcherServlet': initialization started
[INFO ] 2022-06-16T09:33:15,517 [http-nio-8080-exec-2] DispatcherServlet - FrameworkServlet 'dispatcherServlet': initialization completed in 73 ms
[INFO ] 2022-06-16T09:33:19,742 [http-nio-8090-exec-1] [/] - Initializing Spring FrameworkServlet 'dispatcherServlet'
[INFO ] 2022-06-16T09:33:19,743 [http-nio-8090-exec-1] DispatcherServlet - FrameworkServlet 'dispatcherServlet': initialization started
[INFO ] 2022-06-16T09:33:19,823 [http-nio-8090-exec-1] DispatcherServlet - FrameworkServlet 'dispatcherServlet': initialization completed in 78 ms
[WARN ] 2022-06-16T09:35:15,083 [Thread-2 (ActiveMQ-client-factory-threads-1166292560)] RPCClientProxyHandler - Terminating observables.
[WARN ] 2022-06-16T09:35:21,893 [Thread-5 (ActiveMQ-client-factory-threads-1610014012)] RPCClientProxyHandler - Terminating observables.
[INFO ] 2022-06-16T09:48:03,944 [main] Starter - Starting Starter on LAPTOP-H6FFKGF2 with PID 13192 (C:\Users\AliKurekci\cordaApps\hackathon\transafe-be\clients\build\classes\java\main started by AliKurekci in C:\Users\AliKurekci\cordaApps\hackathon\transafe-be\clients)
[INFO ] 2022-06-16T09:48:03,953 [main] Starter - No active profile set, falling back to default profiles: default
[INFO ] 2022-06-16T09:48:04,037 [main] AnnotationConfigServletWebServerApplicationContext - Refreshing org.springframework.boot.web.servlet.context.AnnotationConfigServletWebServerApplicationContext@ba1f559: startup date [Thu Jun 16 12:48:04 EET 2022]; root of context hierarchy
[INFO ] 2022-06-16T09:48:06,754 [main] TomcatWebServer - Tomcat initialized with port(s): 8090 (http)
[INFO ] 2022-06-16T09:48:06,774 [main] Http11NioProtocol - Initializing ProtocolHandler ["http-nio-8090"]
[INFO ] 2022-06-16T09:48:06,784 [main] StandardService - Starting service [Tomcat]
[INFO ] 2022-06-16T09:48:06,784 [main] StandardEngine - Starting Servlet Engine: Apache Tomcat/8.5.31
[INFO ] 2022-06-16T09:48:06,800 [localhost-startStop-1] AprLifecycleListener - The APR based Apache Tomcat Native library which allows optimal performance in production environments was not found on the java.library.path: [C:\Program Files\Java\jdk1.8.0_333\bin;C:\Windows\Sun\Java\bin;C:\Windows\system32;C:\Windows;C:\Python310\Scripts\;C:\Python310\;C:\Program Files\Common Files\Oracle\Java\javapath;C:\Program Files (x86)\Common Files\Oracle\Java\javapath;C:\Windows\system32;C:\Windows;C:\Windows\System32\Wbem;C:\Windows\System32\WindowsPowerShell\v1.0\;C:\Windows\System32\OpenSSH\;C:\Program Files (x86)\Pulse Secure\VC142.CRT\X64\;C:\Program Files (x86)\Pulse Secure\VC142.CRT\X86\;C:\Program Files\Git\cmd;C:\Program Files\nodejs\;C:\ProgramData\chocolatey\bin;C:\Program Files\Java\jdk1.8.0_333\bin;C:\Users\AliKurekci\AppData\Local\Microsoft\WindowsApps;C:\Users\AliKurekci\AppData\Local\Programs\Microsoft VS Code\bin;C:\Program Files\JetBrains\PyCharm 2021.3.2\bin;;C:\Users\AliKurekci\AppData\Roaming\npm;C:\Program Files\Java\jdk1.8.0_333\bin;;.]
[INFO ] 2022-06-16T09:48:06,999 [localhost-startStop-1] [/] - Initializing Spring embedded WebApplicationContext
[INFO ] 2022-06-16T09:48:06,999 [localhost-startStop-1] ContextLoader - Root WebApplicationContext: initialization completed in 2966 ms
[INFO ] 2022-06-16T09:48:07,214 [localhost-startStop-1] ServletRegistrationBean - Servlet dispatcherServlet mapped to [/]
[INFO ] 2022-06-16T09:48:07,223 [localhost-startStop-1] FilterRegistrationBean - Mapping filter: 'characterEncodingFilter' to: [/*]
[INFO ] 2022-06-16T09:48:07,223 [localhost-startStop-1] FilterRegistrationBean - Mapping filter: 'hiddenHttpMethodFilter' to: [/*]
[INFO ] 2022-06-16T09:48:07,223 [localhost-startStop-1] FilterRegistrationBean - Mapping filter: 'httpPutFormContentFilter' to: [/*]
[INFO ] 2022-06-16T09:48:07,223 [localhost-startStop-1] FilterRegistrationBean - Mapping filter: 'requestContextFilter' to: [/*]
[INFO ] 2022-06-16T09:48:15,458 [main] RPCClient - Failed Startup took 3393 msec
[WARN ] 2022-06-16T09:48:15,459 [main] AnnotationConfigServletWebServerApplicationContext - Exception encountered during context initialization - cancelling refresh attempt: org.springframework.beans.factory.UnsatisfiedDependencyException: Error creating bean with name 'controller' defined in file [C:\Users\AliKurekci\cordaApps\hackathon\transafe-be\clients\build\classes\java\main\net\corda\transafe\webserver\Controller.class]: Unsatisfied dependency expressed through constructor parameter 0; nested exception is org.springframework.beans.factory.BeanCreationException: Error creating bean with name 'nodeRPCConnection': Invocation of init method failed; nested exception is net.corda.client.rpc.RPCException: Cannot connect to server(s). Tried with all available servers.
[INFO ] 2022-06-16T09:48:15,461 [main] StandardService - Stopping service [Tomcat]
[INFO ] 2022-06-16T09:48:15,480 [main] ConditionEvaluationReportLoggingListener - 

Error starting ApplicationContext. To display the conditions report re-run your application with 'debug' enabled.
[ERROR] 2022-06-16T09:48:15,486 [main] SpringApplication - Application run failed
org.springframework.beans.factory.UnsatisfiedDependencyException: Error creating bean with name 'controller' defined in file [C:\Users\AliKurekci\cordaApps\hackathon\transafe-be\clients\build\classes\java\main\net\corda\transafe\webserver\Controller.class]: Unsatisfied dependency expressed through constructor parameter 0; nested exception is org.springframework.beans.factory.BeanCreationException: Error creating bean with name 'nodeRPCConnection': Invocation of init method failed; nested exception is net.corda.client.rpc.RPCException: Cannot connect to server(s). Tried with all available servers.
	at org.springframework.beans.factory.support.ConstructorResolver.createArgumentArray(ConstructorResolver.java:729) ~[spring-beans-5.0.6.RELEASE.jar:5.0.6.RELEASE]
	at org.springframework.beans.factory.support.ConstructorResolver.autowireConstructor(ConstructorResolver.java:192) ~[spring-beans-5.0.6.RELEASE.jar:5.0.6.RELEASE]
	at org.springframework.beans.factory.support.AbstractAutowireCapableBeanFactory.autowireConstructor(AbstractAutowireCapableBeanFactory.java:1274) ~[spring-beans-5.0.6.RELEASE.jar:5.0.6.RELEASE]
	at org.springframework.beans.factory.support.AbstractAutowireCapableBeanFactory.createBeanInstance(AbstractAutowireCapableBeanFactory.java:1131) ~[spring-beans-5.0.6.RELEASE.jar:5.0.6.RELEASE]
	at org.springframework.beans.factory.support.AbstractAutowireCapableBeanFactory.doCreateBean(AbstractAutowireCapableBeanFactory.java:541) ~[spring-beans-5.0.6.RELEASE.jar:5.0.6.RELEASE]
	at org.springframework.beans.factory.support.AbstractAutowireCapableBeanFactory.createBean(AbstractAutowireCapableBeanFactory.java:501) ~[spring-beans-5.0.6.RELEASE.jar:5.0.6.RELEASE]
	at org.springframework.beans.factory.support.AbstractBeanFactory.lambda$doGetBean$0(AbstractBeanFactory.java:317) ~[spring-beans-5.0.6.RELEASE.jar:5.0.6.RELEASE]
	at org.springframework.beans.factory.support.DefaultSingletonBeanRegistry.getSingleton(DefaultSingletonBeanRegistry.java:228) ~[spring-beans-5.0.6.RELEASE.jar:5.0.6.RELEASE]
	at org.springframework.beans.factory.support.AbstractBeanFactory.doGetBean(AbstractBeanFactory.java:315) ~[spring-beans-5.0.6.RELEASE.jar:5.0.6.RELEASE]
	at org.springframework.beans.factory.support.AbstractBeanFactory.getBean(AbstractBeanFactory.java:199) ~[spring-beans-5.0.6.RELEASE.jar:5.0.6.RELEASE]
	at org.springframework.beans.factory.support.DefaultListableBeanFactory.preInstantiateSingletons(DefaultListableBeanFactory.java:760) ~[spring-beans-5.0.6.RELEASE.jar:5.0.6.RELEASE]
	at org.springframework.context.support.AbstractApplicationContext.finishBeanFactoryInitialization(AbstractApplicationContext.java:869) ~[spring-context-5.0.6.RELEASE.jar:5.0.6.RELEASE]
	at org.springframework.context.support.AbstractApplicationContext.refresh(AbstractApplicationContext.java:550) ~[spring-context-5.0.6.RELEASE.jar:5.0.6.RELEASE]
	at org.springframework.boot.web.servlet.context.ServletWebServerApplicationContext.refresh(ServletWebServerApplicationContext.java:140) ~[spring-boot-2.0.2.RELEASE.jar:2.0.2.RELEASE]
	at org.springframework.boot.SpringApplication.refresh(SpringApplication.java:759) [spring-boot-2.0.2.RELEASE.jar:2.0.2.RELEASE]
	at org.springframework.boot.SpringApplication.refreshContext(SpringApplication.java:395) [spring-boot-2.0.2.RELEASE.jar:2.0.2.RELEASE]
	at org.springframework.boot.SpringApplication.run(SpringApplication.java:327) [spring-boot-2.0.2.RELEASE.jar:2.0.2.RELEASE]
	at net.corda.transafe.webserver.Starter.main(Starter.java:21) [main/:?]
Caused by: org.springframework.beans.factory.BeanCreationException: Error creating bean with name 'nodeRPCConnection': Invocation of init method failed; nested exception is net.corda.client.rpc.RPCException: Cannot connect to server(s). Tried with all available servers.
	at org.springframework.beans.factory.annotation.InitDestroyAnnotationBeanPostProcessor.postProcessBeforeInitialization(InitDestroyAnnotationBeanPostProcessor.java:138) ~[spring-beans-5.0.6.RELEASE.jar:5.0.6.RELEASE]
	at org.springframework.beans.factory.support.AbstractAutowireCapableBeanFactory.applyBeanPostProcessorsBeforeInitialization(AbstractAutowireCapableBeanFactory.java:422) ~[spring-beans-5.0.6.RELEASE.jar:5.0.6.RELEASE]
	at org.springframework.beans.factory.support.AbstractAutowireCapableBeanFactory.initializeBean(AbstractAutowireCapableBeanFactory.java:1698) ~[spring-beans-5.0.6.RELEASE.jar:5.0.6.RELEASE]
	at org.springframework.beans.factory.support.AbstractAutowireCapableBeanFactory.doCreateBean(AbstractAutowireCapableBeanFactory.java:579) ~[spring-beans-5.0.6.RELEASE.jar:5.0.6.RELEASE]
	at org.springframework.beans.factory.support.AbstractAutowireCapableBeanFactory.createBean(AbstractAutowireCapableBeanFactory.java:501) ~[spring-beans-5.0.6.RELEASE.jar:5.0.6.RELEASE]
	at org.springframework.beans.factory.support.AbstractBeanFactory.lambda$doGetBean$0(AbstractBeanFactory.java:317) ~[spring-beans-5.0.6.RELEASE.jar:5.0.6.RELEASE]
	at org.springframework.beans.factory.support.DefaultSingletonBeanRegistry.getSingleton(DefaultSingletonBeanRegistry.java:228) ~[spring-beans-5.0.6.RELEASE.jar:5.0.6.RELEASE]
	at org.springframework.beans.factory.support.AbstractBeanFactory.doGetBean(AbstractBeanFactory.java:315) ~[spring-beans-5.0.6.RELEASE.jar:5.0.6.RELEASE]
	at org.springframework.beans.factory.support.AbstractBeanFactory.getBean(AbstractBeanFactory.java:199) ~[spring-beans-5.0.6.RELEASE.jar:5.0.6.RELEASE]
	at org.springframework.beans.factory.config.DependencyDescriptor.resolveCandidate(DependencyDescriptor.java:251) ~[spring-beans-5.0.6.RELEASE.jar:5.0.6.RELEASE]
	at org.springframework.beans.factory.support.DefaultListableBeanFactory.doResolveDependency(DefaultListableBeanFactory.java:1138) ~[spring-beans-5.0.6.RELEASE.jar:5.0.6.RELEASE]
	at org.springframework.beans.factory.support.DefaultListableBeanFactory.resolveDependency(DefaultListableBeanFactory.java:1065) ~[spring-beans-5.0.6.RELEASE.jar:5.0.6.RELEASE]
	at org.springframework.beans.factory.support.ConstructorResolver.resolveAutowiredArgument(ConstructorResolver.java:815) ~[spring-beans-5.0.6.RELEASE.jar:5.0.6.RELEASE]
	at org.springframework.beans.factory.support.ConstructorResolver.createArgumentArray(ConstructorResolver.java:721) ~[spring-beans-5.0.6.RELEASE.jar:5.0.6.RELEASE]
	... 17 more
Caused by: net.corda.client.rpc.RPCException: Cannot connect to server(s). Tried with all available servers.
	at net.corda.client.rpc.internal.RPCClientProxyHandler.start(RPCClientProxyHandler.kt:285) ~[corda-rpc-4.9.jar:?]
	at net.corda.client.rpc.internal.RPCClient$start$1.invoke(RPCClient.kt:106) ~[corda-rpc-4.9.jar:?]
	at net.corda.client.rpc.internal.RPCClient$start$1.invoke(RPCClient.kt:36) ~[corda-rpc-4.9.jar:?]
	at net.corda.core.internal.InternalUtils.logElapsedTime(InternalUtils.kt:228) ~[corda-core-4.9.jar:?]
	at net.corda.core.internal.InternalUtils.logElapsedTime(InternalUtils.kt:218) ~[corda-core-4.9.jar:?]
	at net.corda.client.rpc.internal.RPCClient.start(RPCClient.kt:81) ~[corda-rpc-4.9.jar:?]
	at net.corda.client.rpc.CordaRPCClient.start(CordaRPCClient.kt:587) ~[corda-rpc-4.9.jar:?]
	at net.corda.client.rpc.CordaRPCClient.start(CordaRPCClient.kt:542) ~[corda-rpc-4.9.jar:?]
	at net.corda.client.rpc.CordaRPCClient.start(CordaRPCClient.kt:496) ~[corda-rpc-4.9.jar:?]
	at net.corda.client.rpc.CordaRPCClient.start$default(CordaRPCClient.kt:494) ~[corda-rpc-4.9.jar:?]
	at net.corda.client.rpc.CordaRPCClient.start(CordaRPCClient.kt) ~[corda-rpc-4.9.jar:?]
	at net.corda.transafe.webserver.NodeRPCConnection.initialiseNodeRPCConnection(NodeRPCConnection.java:40) ~[main/:?]
	at sun.reflect.NativeMethodAccessorImpl.invoke0(Native Method) ~[?:1.8.0_333]
	at sun.reflect.NativeMethodAccessorImpl.invoke(NativeMethodAccessorImpl.java:62) ~[?:1.8.0_333]
	at sun.reflect.DelegatingMethodAccessorImpl.invoke(DelegatingMethodAccessorImpl.java:43) ~[?:1.8.0_333]
	at java.lang.reflect.Method.invoke(Method.java:498) ~[?:1.8.0_333]
	at org.springframework.beans.factory.annotation.InitDestroyAnnotationBeanPostProcessor$LifecycleElement.invoke(InitDestroyAnnotationBeanPostProcessor.java:365) ~[spring-beans-5.0.6.RELEASE.jar:5.0.6.RELEASE]
	at org.springframework.beans.factory.annotation.InitDestroyAnnotationBeanPostProcessor$LifecycleMetadata.invokeInitMethods(InitDestroyAnnotationBeanPostProcessor.java:308) ~[spring-beans-5.0.6.RELEASE.jar:5.0.6.RELEASE]
	at org.springframework.beans.factory.annotation.InitDestroyAnnotationBeanPostProcessor.postProcessBeforeInitialization(InitDestroyAnnotationBeanPostProcessor.java:135) ~[spring-beans-5.0.6.RELEASE.jar:5.0.6.RELEASE]
	at org.springframework.beans.factory.support.AbstractAutowireCapableBeanFactory.applyBeanPostProcessorsBeforeInitialization(AbstractAutowireCapableBeanFactory.java:422) ~[spring-beans-5.0.6.RELEASE.jar:5.0.6.RELEASE]
	at org.springframework.beans.factory.support.AbstractAutowireCapableBeanFactory.initializeBean(AbstractAutowireCapableBeanFactory.java:1698) ~[spring-beans-5.0.6.RELEASE.jar:5.0.6.RELEASE]
	at org.springframework.beans.factory.support.AbstractAutowireCapableBeanFactory.doCreateBean(AbstractAutowireCapableBeanFactory.java:579) ~[spring-beans-5.0.6.RELEASE.jar:5.0.6.RELEASE]
	at org.springframework.beans.factory.support.AbstractAutowireCapableBeanFactory.createBean(AbstractAutowireCapableBeanFactory.java:501) ~[spring-beans-5.0.6.RELEASE.jar:5.0.6.RELEASE]
	at org.springframework.beans.factory.support.AbstractBeanFactory.lambda$doGetBean$0(AbstractBeanFactory.java:317) ~[spring-beans-5.0.6.RELEASE.jar:5.0.6.RELEASE]
	at org.springframework.beans.factory.support.DefaultSingletonBeanRegistry.getSingleton(DefaultSingletonBeanRegistry.java:228) ~[spring-beans-5.0.6.RELEASE.jar:5.0.6.RELEASE]
	at org.springframework.beans.factory.support.AbstractBeanFactory.doGetBean(AbstractBeanFactory.java:315) ~[spring-beans-5.0.6.RELEASE.jar:5.0.6.RELEASE]
	at org.springframework.beans.factory.support.AbstractBeanFactory.getBean(AbstractBeanFactory.java:199) ~[spring-beans-5.0.6.RELEASE.jar:5.0.6.RELEASE]
	at org.springframework.beans.factory.config.DependencyDescriptor.resolveCandidate(DependencyDescriptor.java:251) ~[spring-beans-5.0.6.RELEASE.jar:5.0.6.RELEASE]
	at org.springframework.beans.factory.support.DefaultListableBeanFactory.doResolveDependency(DefaultListableBeanFactory.java:1138) ~[spring-beans-5.0.6.RELEASE.jar:5.0.6.RELEASE]
	at org.springframework.beans.factory.support.DefaultListableBeanFactory.resolveDependency(DefaultListableBeanFactory.java:1065) ~[spring-beans-5.0.6.RELEASE.jar:5.0.6.RELEASE]
	at org.springframework.beans.factory.support.ConstructorResolver.resolveAutowiredArgument(ConstructorResolver.java:815) ~[spring-beans-5.0.6.RELEASE.jar:5.0.6.RELEASE]
	at org.springframework.beans.factory.support.ConstructorResolver.createArgumentArray(ConstructorResolver.java:721) ~[spring-beans-5.0.6.RELEASE.jar:5.0.6.RELEASE]
	... 17 more
Caused by: org.apache.activemq.artemis.api.core.ActiveMQNotConnectedException: AMQ219007: Cannot connect to server(s). Tried with all available servers.
	at org.apache.activemq.artemis.core.client.impl.ServerLocatorImpl.createSessionFactory(ServerLocatorImpl.java:708) ~[artemis-core-client-2.19.1.jar:2.19.1]
	at net.corda.client.rpc.internal.RPCClientProxyHandler.start(RPCClientProxyHandler.kt:283) ~[corda-rpc-4.9.jar:?]
	at net.corda.client.rpc.internal.RPCClient$start$1.invoke(RPCClient.kt:106) ~[corda-rpc-4.9.jar:?]
	at net.corda.client.rpc.internal.RPCClient$start$1.invoke(RPCClient.kt:36) ~[corda-rpc-4.9.jar:?]
	at net.corda.core.internal.InternalUtils.logElapsedTime(InternalUtils.kt:228) ~[corda-core-4.9.jar:?]
	at net.corda.core.internal.InternalUtils.logElapsedTime(InternalUtils.kt:218) ~[corda-core-4.9.jar:?]
	at net.corda.client.rpc.internal.RPCClient.start(RPCClient.kt:81) ~[corda-rpc-4.9.jar:?]
	at net.corda.client.rpc.CordaRPCClient.start(CordaRPCClient.kt:587) ~[corda-rpc-4.9.jar:?]
	at net.corda.client.rpc.CordaRPCClient.start(CordaRPCClient.kt:542) ~[corda-rpc-4.9.jar:?]
	at net.corda.client.rpc.CordaRPCClient.start(CordaRPCClient.kt:496) ~[corda-rpc-4.9.jar:?]
	at net.corda.client.rpc.CordaRPCClient.start$default(CordaRPCClient.kt:494) ~[corda-rpc-4.9.jar:?]
	at net.corda.client.rpc.CordaRPCClient.start(CordaRPCClient.kt) ~[corda-rpc-4.9.jar:?]
	at net.corda.transafe.webserver.NodeRPCConnection.initialiseNodeRPCConnection(NodeRPCConnection.java:40) ~[main/:?]
	at sun.reflect.NativeMethodAccessorImpl.invoke0(Native Method) ~[?:1.8.0_333]
	at sun.reflect.NativeMethodAccessorImpl.invoke(NativeMethodAccessorImpl.java:62) ~[?:1.8.0_333]
	at sun.reflect.DelegatingMethodAccessorImpl.invoke(DelegatingMethodAccessorImpl.java:43) ~[?:1.8.0_333]
	at java.lang.reflect.Method.invoke(Method.java:498) ~[?:1.8.0_333]
	at org.springframework.beans.factory.annotation.InitDestroyAnnotationBeanPostProcessor$LifecycleElement.invoke(InitDestroyAnnotationBeanPostProcessor.java:365) ~[spring-beans-5.0.6.RELEASE.jar:5.0.6.RELEASE]
	at org.springframework.beans.factory.annotation.InitDestroyAnnotationBeanPostProcessor$LifecycleMetadata.invokeInitMethods(InitDestroyAnnotationBeanPostProcessor.java:308) ~[spring-beans-5.0.6.RELEASE.jar:5.0.6.RELEASE]
	at org.springframework.beans.factory.annotation.InitDestroyAnnotationBeanPostProcessor.postProcessBeforeInitialization(InitDestroyAnnotationBeanPostProcessor.java:135) ~[spring-beans-5.0.6.RELEASE.jar:5.0.6.RELEASE]
	at org.springframework.beans.factory.support.AbstractAutowireCapableBeanFactory.applyBeanPostProcessorsBeforeInitialization(AbstractAutowireCapableBeanFactory.java:422) ~[spring-beans-5.0.6.RELEASE.jar:5.0.6.RELEASE]
	at org.springframework.beans.factory.support.AbstractAutowireCapableBeanFactory.initializeBean(AbstractAutowireCapableBeanFactory.java:1698) ~[spring-beans-5.0.6.RELEASE.jar:5.0.6.RELEASE]
	at org.springframework.beans.factory.support.AbstractAutowireCapableBeanFactory.doCreateBean(AbstractAutowireCapableBeanFactory.java:579) ~[spring-beans-5.0.6.RELEASE.jar:5.0.6.RELEASE]
	at org.springframework.beans.factory.support.AbstractAutowireCapableBeanFactory.createBean(AbstractAutowireCapableBeanFactory.java:501) ~[spring-beans-5.0.6.RELEASE.jar:5.0.6.RELEASE]
	at org.springframework.beans.factory.support.AbstractBeanFactory.lambda$doGetBean$0(AbstractBeanFactory.java:317) ~[spring-beans-5.0.6.RELEASE.jar:5.0.6.RELEASE]
	at org.springframework.beans.factory.support.DefaultSingletonBeanRegistry.getSingleton(DefaultSingletonBeanRegistry.java:228) ~[spring-beans-5.0.6.RELEASE.jar:5.0.6.RELEASE]
	at org.springframework.beans.factory.support.AbstractBeanFactory.doGetBean(AbstractBeanFactory.java:315) ~[spring-beans-5.0.6.RELEASE.jar:5.0.6.RELEASE]
	at org.springframework.beans.factory.support.AbstractBeanFactory.getBean(AbstractBeanFactory.java:199) ~[spring-beans-5.0.6.RELEASE.jar:5.0.6.RELEASE]
	at org.springframework.beans.factory.config.DependencyDescriptor.resolveCandidate(DependencyDescriptor.java:251) ~[spring-beans-5.0.6.RELEASE.jar:5.0.6.RELEASE]
	at org.springframework.beans.factory.support.DefaultListableBeanFactory.doResolveDependency(DefaultListableBeanFactory.java:1138) ~[spring-beans-5.0.6.RELEASE.jar:5.0.6.RELEASE]
	at org.springframework.beans.factory.support.DefaultListableBeanFactory.resolveDependency(DefaultListableBeanFactory.java:1065) ~[spring-beans-5.0.6.RELEASE.jar:5.0.6.RELEASE]
	at org.springframework.beans.factory.support.ConstructorResolver.resolveAutowiredArgument(ConstructorResolver.java:815) ~[spring-beans-5.0.6.RELEASE.jar:5.0.6.RELEASE]
	at org.springframework.beans.factory.support.ConstructorResolver.createArgumentArray(ConstructorResolver.java:721) ~[spring-beans-5.0.6.RELEASE.jar:5.0.6.RELEASE]
	... 17 more
